\BOOKMARK [1][-]{section.1}{Logická výstavba matematiky}{}% 1
\BOOKMARK [1][-]{section.2}{Množiny}{}% 2
\BOOKMARK [1][-]{section.3}{Číselné obory}{}% 3
\BOOKMARK [1][-]{section.4}{Algebraické rovnice, nerovnice a jejich soustavy}{}% 4
\BOOKMARK [1][-]{section.5}{Vlastnosti algebraických funkcí a posloupností}{}% 5
\BOOKMARK [1][-]{section.6}{Grafy elementárních algebraických funkcí}{}% 6
\BOOKMARK [1][-]{section.7}{Limita\040a\040spojitost\040funkce}{}% 7
\BOOKMARK [1][-]{section.8}{Nealgebraické funkce}{}% 8
\BOOKMARK [1][-]{section.9}{Goniometrie\040a\040trigonometrie}{}% 9
\BOOKMARK [1][-]{section.10}{Nealgebraické rovnice, nerovnice a jejich soustavy}{}% 10
\BOOKMARK [1][-]{section.11}{Kombinatorika}{}% 11
\BOOKMARK [1][-]{section.12}{Pravděpodobnost}{}% 12
\BOOKMARK [1][-]{section.13}{Statistika}{}% 13
\BOOKMARK [1][-]{section.14}{Posloupnosti a řady}{}% 14
\BOOKMARK [1][-]{section.15}{Základy planimetrie a konstrukční úlohy}{}% 15
\BOOKMARK [1][-]{section.16}{Zobrazení v rovině}{}% 16
\BOOKMARK [1][-]{section.17}{Tělesa}{}% 17
\BOOKMARK [1][-]{section.18}{Polohové a metrické úlohy ve stereometrii}{}% 18
\BOOKMARK [1][-]{section.19}{Vektorová algebra}{}% 19
\BOOKMARK [1][-]{section.20}{Analytická geometrie lineárních útvarů}{}% 20
\BOOKMARK [1][-]{section.21}{Analytická geometrie kuželoseček}{}% 21
\BOOKMARK [2][-]{subsection.21.1}{Degenerované kuželosečky}{section.21}% 22
\BOOKMARK [2][-]{subsection.21.2}{Elipsa}{section.21}% 23
\BOOKMARK [3][-]{subsubsection.21.2.1}{Kružnice}{subsection.21.2}% 24
\BOOKMARK [3][-]{subsubsection.21.2.2}{Vztah s přímkou}{subsection.21.2}% 25
\BOOKMARK [2][-]{subsection.21.3}{Parabola}{section.21}% 26
\BOOKMARK [3][-]{subsubsection.21.3.1}{Vztah s přímkou}{subsection.21.3}% 27
\BOOKMARK [2][-]{subsection.21.4}{Hyperbola}{section.21}% 28
\BOOKMARK [3][-]{subsubsection.21.4.1}{Asymptoty}{subsection.21.4}% 29
\BOOKMARK [2][-]{subsection.21.5}{Vztah s přímkou}{section.21}% 30
\BOOKMARK [2][-]{subsection.21.6}{Meta}{section.21}% 31
\BOOKMARK [3][-]{subsubsection.21.6.1}{Zdroje}{subsection.21.6}% 32
\BOOKMARK [3][-]{subsubsection.21.6.2}{Pojmy/zadání}{subsection.21.6}% 33
\BOOKMARK [1][-]{section.22}{Polohové a metrické úlohy řešené metodou analytické geometrie}{}% 34
\BOOKMARK [1][-]{section.23}{Diferenciální počet}{}% 35
\BOOKMARK [2][-]{subsection.23.1}{Zápis}{section.23}% 36
\BOOKMARK [3][-]{subsubsection.23.1.1}{Leibnizova\040notace}{subsection.23.1}% 37
\BOOKMARK [3][-]{subsubsection.23.1.2}{Lagrange}{subsection.23.1}% 38
\BOOKMARK [3][-]{subsubsection.23.1.3}{Euler}{subsection.23.1}% 39
\BOOKMARK [3][-]{subsubsection.23.1.4}{Newton}{subsection.23.1}% 40
\BOOKMARK [2][-]{subsection.23.2}{Definice}{section.23}% 41
\BOOKMARK [2][-]{subsection.23.3}{Vzorce\040a\040pravidla}{section.23}% 42
\BOOKMARK [3][-]{subsubsection.23.3.1}{Derivace součtu}{subsection.23.3}% 43
\BOOKMARK [3][-]{subsubsection.23.3.2}{Derivace součinu}{subsection.23.3}% 44
\BOOKMARK [3][-]{subsubsection.23.3.3}{Derivace podílu}{subsection.23.3}% 45
\BOOKMARK [3][-]{subsubsection.23.3.4}{Derivace složené funkce}{subsection.23.3}% 46
\BOOKMARK [2][-]{subsection.23.4}{Derivace elementárních funkcí}{section.23}% 47
\BOOKMARK [2][-]{subsection.23.5}{L'Hospitalovo\040pravidlo}{section.23}% 48
\BOOKMARK [3][-]{subsubsection.23.5.1}{Využití}{subsection.23.5}% 49
\BOOKMARK [2][-]{subsection.23.6}{Využití derivací}{section.23}% 50
\BOOKMARK [2][-]{subsection.23.7}{Meta}{section.23}% 51
\BOOKMARK [3][-]{subsubsection.23.7.1}{Zadání/pojmy}{subsection.23.7}% 52
\BOOKMARK [3][-]{subsubsection.23.7.2}{Zdroje}{subsection.23.7}% 53
\BOOKMARK [1][-]{section.24}{Integrální počet}{}% 54
\BOOKMARK [2][-]{subsection.24.1}{Vzorce}{section.24}% 55
\BOOKMARK [2][-]{subsection.24.2}{Metoda\040per\040partes}{section.24}% 56
\BOOKMARK [2][-]{subsection.24.3}{Využití}{section.24}% 57
\BOOKMARK [3][-]{subsubsection.24.3.1}{Objem rotačních těles}{subsection.24.3}% 58
\BOOKMARK [3][-]{subsubsection.24.3.2}{Délka křivky funkce}{subsection.24.3}% 59
\BOOKMARK [2][-]{subsection.24.4}{Meta}{section.24}% 60
\BOOKMARK [3][-]{subsubsection.24.4.1}{Zdroje}{subsection.24.4}% 61
\BOOKMARK [3][-]{subsubsection.24.4.2}{Zadání/Pojmy}{subsection.24.4}% 62
\BOOKMARK [1][-]{section.25}{Aplikace diferenciálního a integrálního počtu}{}% 63
\BOOKMARK [2][-]{subsection.25.1}{Meta}{section.25}% 64
\BOOKMARK [2][-]{subsection.25.2}{Zdroje}{section.25}% 65
\BOOKMARK [3][-]{subsubsection.25.2.1}{Zadání/pojmy}{subsection.25.2}% 66
