\BOOKMARK [2][-]{subsection.0.1}{Meta}{}% 1
\BOOKMARK [3][-]{subsubsection.0.1.1}{TODO-list}{subsection.0.1}% 2
\BOOKMARK [3][-]{subsubsection.0.1.2}{Latex\040tipy}{subsection.0.1}% 3
\BOOKMARK [1][-]{section.1}{Logická výstavba matematiky}{}% 4
\BOOKMARK [2][-]{subsection.1.1}{Meta}{section.1}% 5
\BOOKMARK [3][-]{subsubsection.1.1.1}{Zdroje}{subsection.1.1}% 6
\BOOKMARK [3][-]{subsubsection.1.1.2}{Zadání/Pojmy}{subsection.1.1}% 7
\BOOKMARK [1][-]{section.2}{Množiny}{}% 8
\BOOKMARK [2][-]{subsection.2.1}{Definice a značení}{section.2}% 9
\BOOKMARK [2][-]{subsection.2.2}{Pojmy}{section.2}% 10
\BOOKMARK [2][-]{subsection.2.3}{Grafické znázornění}{section.2}% 11
\BOOKMARK [2][-]{subsection.2.4}{Zobrazení}{section.2}% 12
\BOOKMARK [3][-]{subsubsection.2.4.1}{Speciální případy}{subsection.2.4}% 13
\BOOKMARK [3][-]{subsubsection.2.4.2}{Inverzní zobrazení}{subsection.2.4}% 14
\BOOKMARK [3][-]{subsubsection.2.4.3}{Složené zobrazení}{subsection.2.4}% 15
\BOOKMARK [3][-]{subsubsection.2.4.4}{Funkce}{subsection.2.4}% 16
\BOOKMARK [2][-]{subsection.2.5}{Meta}{section.2}% 17
\BOOKMARK [3][-]{subsubsection.2.5.1}{Zdroje}{subsection.2.5}% 18
\BOOKMARK [3][-]{subsubsection.2.5.2}{Zadání/Pojmy}{subsection.2.5}% 19
\BOOKMARK [1][-]{section.3}{Číselné obory}{}% 20
\BOOKMARK [2][-]{subsection.3.1}{Meta}{section.3}% 21
\BOOKMARK [3][-]{subsubsection.3.1.1}{Zdroje}{subsection.3.1}% 22
\BOOKMARK [3][-]{subsubsection.3.1.2}{Zadání/Pojmy}{subsection.3.1}% 23
\BOOKMARK [1][-]{section.4}{Algebraické rovnice, nerovnice a jejich soustavy}{}% 24
\BOOKMARK [1][-]{section.5}{Vlastnosti algebraických funkcí a posloupností}{}% 25
\BOOKMARK [1][-]{section.6}{Grafy elementárních algebraických funkcí}{}% 26
\BOOKMARK [1][-]{section.7}{Limita\040a\040spojitost\040funkce}{}% 27
\BOOKMARK [2][-]{subsection.7.1}{Meta}{section.7}% 28
\BOOKMARK [3][-]{subsubsection.7.1.1}{Zdroje}{subsection.7.1}% 29
\BOOKMARK [3][-]{subsubsection.7.1.2}{Zadání/Pojmy}{subsection.7.1}% 30
\BOOKMARK [1][-]{section.8}{Nealgebraické funkce}{}% 31
\BOOKMARK [1][-]{section.9}{Goniometrie\040a\040trigonometrie}{}% 32
\BOOKMARK [1][-]{section.10}{Nealgebraické rovnice, nerovnice a jejich soustavy}{}% 33
\BOOKMARK [1][-]{section.11}{Kombinatorika}{}% 34
\BOOKMARK [2][-]{subsection.11.1}{Faktoriály}{section.11}% 35
\BOOKMARK [2][-]{subsection.11.2}{Kombinační čísla}{section.11}% 36
\BOOKMARK [3][-]{subsubsection.11.2.1}{Binomická věta}{subsection.11.2}% 37
\BOOKMARK [2][-]{subsection.11.3}{Množinový pohled}{section.11}% 38
\BOOKMARK [2][-]{subsection.11.4}{Variace}{section.11}% 39
\BOOKMARK [3][-]{subsubsection.11.4.1}{Variace bez opakování}{subsection.11.4}% 40
\BOOKMARK [3][-]{subsubsection.11.4.2}{Variace s opakováním}{subsection.11.4}% 41
\BOOKMARK [2][-]{subsection.11.5}{Permutace}{section.11}% 42
\BOOKMARK [3][-]{subsubsection.11.5.1}{Permutace bez opakování}{subsection.11.5}% 43
\BOOKMARK [3][-]{subsubsection.11.5.2}{Permutace s opakováním}{subsection.11.5}% 44
\BOOKMARK [2][-]{subsection.11.6}{Kombinace}{section.11}% 45
\BOOKMARK [3][-]{subsubsection.11.6.1}{Kombinace bez opakování}{subsection.11.6}% 46
\BOOKMARK [3][-]{subsubsection.11.6.2}{Kombinace s opakováním}{subsection.11.6}% 47
\BOOKMARK [2][-]{subsection.11.7}{Pravidla}{section.11}% 48
\BOOKMARK [3][-]{subsubsection.11.7.1}{Součtu}{subsection.11.7}% 49
\BOOKMARK [3][-]{subsubsection.11.7.2}{Součinu}{subsection.11.7}% 50
\BOOKMARK [2][-]{subsection.11.8}{Meta}{section.11}% 51
\BOOKMARK [3][-]{subsubsection.11.8.1}{Zdroje}{subsection.11.8}% 52
\BOOKMARK [3][-]{subsubsection.11.8.2}{Zadání/ pojmy}{subsection.11.8}% 53
\BOOKMARK [1][-]{section.12}{Pravděpodobnost}{}% 54
\BOOKMARK [2][-]{subsection.12.1}{Náhodné pokusy}{section.12}% 55
\BOOKMARK [2][-]{subsection.12.2}{Jevy a jejich pravděpodobnost}{section.12}% 56
\BOOKMARK [2][-]{subsection.12.3}{Opakování náhodného pokusu}{section.12}% 57
\BOOKMARK [3][-]{subsubsection.12.3.1}{Bernoulliho schéma}{subsection.12.3}% 58
\BOOKMARK [2][-]{subsection.12.4}{Meta}{section.12}% 59
\BOOKMARK [3][-]{subsubsection.12.4.1}{Zdroje}{subsection.12.4}% 60
\BOOKMARK [3][-]{subsubsection.12.4.2}{Pojmy/ zadání}{subsection.12.4}% 61
\BOOKMARK [1][-]{section.13}{Statistika}{}% 62
\BOOKMARK [2][-]{subsection.13.1}{Rozdělení četnosti}{section.13}% 63
\BOOKMARK [3][-]{subsubsection.13.1.1}{Skupinové rozložení četností}{subsection.13.1}% 64
\BOOKMARK [2][-]{subsection.13.2}{Grafické znázornění četností}{section.13}% 65
\BOOKMARK [3][-]{subsubsection.13.2.1}{Tabulka}{subsection.13.2}% 66
\BOOKMARK [3][-]{subsubsection.13.2.2}{Spojnicový diagram}{subsection.13.2}% 67
\BOOKMARK [3][-]{subsubsection.13.2.3}{Sloupkový diagram}{subsection.13.2}% 68
\BOOKMARK [3][-]{subsubsection.13.2.4}{Kruhový diagram}{subsection.13.2}% 69
\BOOKMARK [2][-]{subsection.13.3}{Charakteristiky polohy kvantitativního znaku}{section.13}% 70
\BOOKMARK [3][-]{subsubsection.13.3.1}{Vztahy mezi průměry}{subsection.13.3}% 71
\BOOKMARK [2][-]{subsection.13.4}{Charakteristiky variability kvantitativního znaku}{section.13}% 72
\BOOKMARK [2][-]{subsection.13.5}{Korelace}{section.13}% 73
\BOOKMARK [2][-]{subsection.13.6}{Meta}{section.13}% 74
\BOOKMARK [3][-]{subsubsection.13.6.1}{Zdroje}{subsection.13.6}% 75
\BOOKMARK [3][-]{subsubsection.13.6.2}{Pojmy/ zadání}{subsection.13.6}% 76
\BOOKMARK [1][-]{section.14}{Posloupnosti a řady}{}% 77
\BOOKMARK [2][-]{subsection.14.1}{Posloupnosti}{section.14}% 78
\BOOKMARK [3][-]{subsubsection.14.1.1}{Určení posloupnosti}{subsection.14.1}% 79
\BOOKMARK [3][-]{subsubsection.14.1.2}{Vlastnosti posloupností}{subsection.14.1}% 80
\BOOKMARK [3][-]{subsubsection.14.1.3}{Aritmetická posloupnost}{subsection.14.1}% 81
\BOOKMARK [3][-]{subsubsection.14.1.4}{Geometrická posloupnost}{subsection.14.1}% 82
\BOOKMARK [3][-]{subsubsection.14.1.5}{Vztah aritmetické a geometrické posloupnosti}{subsection.14.1}% 83
\BOOKMARK [3][-]{subsubsection.14.1.6}{Využití aritmetické a geometrické posloupnosti}{subsection.14.1}% 84
\BOOKMARK [3][-]{subsubsection.14.1.7}{Limita posloupnosti \(vlastní\)}{subsection.14.1}% 85
\BOOKMARK [3][-]{subsubsection.14.1.8}{Nevlastní limita posloupnosti}{subsection.14.1}% 86
\BOOKMARK [3][-]{subsubsection.14.1.9}{Věty o limitách posloupností}{subsection.14.1}% 87
\BOOKMARK [2][-]{subsection.14.2}{Nekonečné řady}{section.14}% 88
\BOOKMARK [3][-]{subsubsection.14.2.1}{Geometrická řada}{subsection.14.2}% 89
\BOOKMARK [2][-]{subsection.14.3}{Finanční matematika}{section.14}% 90
\BOOKMARK [3][-]{subsubsection.14.3.1}{Jednoduché úročení}{subsection.14.3}% 91
\BOOKMARK [3][-]{subsubsection.14.3.2}{Složené úročení}{subsection.14.3}% 92
\BOOKMARK [3][-]{subsubsection.14.3.3}{Pravidelné spoření při složeném úročením}{subsection.14.3}% 93
\BOOKMARK [3][-]{subsubsection.14.3.4}{Pravidelné splácení dluhu}{subsection.14.3}% 94
\BOOKMARK [2][-]{subsection.14.4}{Meta}{section.14}% 95
\BOOKMARK [3][-]{subsubsection.14.4.1}{Zdroje}{subsection.14.4}% 96
\BOOKMARK [3][-]{subsubsection.14.4.2}{Pojmy/ zadání}{subsection.14.4}% 97
\BOOKMARK [1][-]{section.15}{Základy planimetrie a konstrukční úlohy}{}% 98
\BOOKMARK [2][-]{subsection.15.1}{Základní pojmy a definice}{section.15}% 99
\BOOKMARK [3][-]{subsubsection.15.1.1}{Bod}{subsection.15.1}% 100
\BOOKMARK [3][-]{subsubsection.15.1.2}{Přímka}{subsection.15.1}% 101
\BOOKMARK [3][-]{subsubsection.15.1.3}{Rovina}{subsection.15.1}% 102
\BOOKMARK [3][-]{subsubsection.15.1.4}{Polorovina}{subsection.15.1}% 103
\BOOKMARK [3][-]{subsubsection.15.1.5}{Polopřímka}{subsection.15.1}% 104
\BOOKMARK [3][-]{subsubsection.15.1.6}{Úsečka}{subsection.15.1}% 105
\BOOKMARK [3][-]{subsubsection.15.1.7}{Obrazce}{subsection.15.1}% 106
\BOOKMARK [2][-]{subsection.15.2}{Úhly}{section.15}% 107
\BOOKMARK [3][-]{subsubsection.15.2.1}{Pravidla pro dvojice úhlů}{subsection.15.2}% 108
\BOOKMARK [2][-]{subsection.15.3}{Mnohoúhelníky}{section.15}% 109
\BOOKMARK [3][-]{subsubsection.15.3.1}{Pravidelné mnohoúhelníky}{subsection.15.3}% 110
\BOOKMARK [2][-]{subsection.15.4}{Trojúhelníky}{section.15}% 111
\BOOKMARK [3][-]{subsubsection.15.4.1}{Konstrukce}{subsection.15.4}% 112
\BOOKMARK [3][-]{subsubsection.15.4.2}{Druhy}{subsection.15.4}% 113
\BOOKMARK [3][-]{subsubsection.15.4.3}{cool Věci}{subsection.15.4}% 114
\BOOKMARK [3][-]{subsubsection.15.4.4}{Obvod\040a\040obsah}{subsection.15.4}% 115
\BOOKMARK [3][-]{subsubsection.15.4.5}{Věty}{subsection.15.4}% 116
\BOOKMARK [3][-]{subsubsection.15.4.6}{Rovnoramenný}{subsection.15.4}% 117
\BOOKMARK [3][-]{subsubsection.15.4.7}{Rovnostranný}{subsection.15.4}% 118
\BOOKMARK [2][-]{subsection.15.5}{Čtyřúhelníky}{section.15}% 119
\BOOKMARK [3][-]{subsubsection.15.5.1}{Obvod\040a\040obsah}{subsection.15.5}% 120
\BOOKMARK [3][-]{subsubsection.15.5.2}{Rozdělení}{subsection.15.5}% 121
\BOOKMARK [2][-]{subsection.15.6}{Kruh a kružnice}{section.15}% 122
\BOOKMARK [3][-]{subsubsection.15.6.1}{Vzájemná poloha 2 kružnic}{subsection.15.6}% 123
\BOOKMARK [3][-]{subsubsection.15.6.2}{Vzájemná poloha s přímkou}{subsection.15.6}% 124
\BOOKMARK [3][-]{subsubsection.15.6.3}{Vyjádření pomocí rovnic}{subsection.15.6}% 125
\BOOKMARK [3][-]{subsubsection.15.6.4}{Úhly v kružnici}{subsection.15.6}% 126
\BOOKMARK [3][-]{subsubsection.15.6.5}{Kruhová výseč}{subsection.15.6}% 127
\BOOKMARK [3][-]{subsubsection.15.6.6}{Kruhová výseč}{subsection.15.6}% 128
\BOOKMARK [3][-]{subsubsection.15.6.7}{Mezikruží}{subsection.15.6}% 129
\BOOKMARK [3][-]{subsubsection.15.6.8}{Thaletova kružnice/věta}{subsection.15.6}% 130
\BOOKMARK [2][-]{subsection.15.7}{Obvody a obsahy ostatních rovinných útvarů}{section.15}% 131
\BOOKMARK [2][-]{subsection.15.8}{Konstrukce}{section.15}% 132
\BOOKMARK [2][-]{subsection.15.9}{Meta}{section.15}% 133
\BOOKMARK [3][-]{subsubsection.15.9.1}{Zdroje}{subsection.15.9}% 134
\BOOKMARK [3][-]{subsubsection.15.9.2}{Pojmy/Zadání}{subsection.15.9}% 135
\BOOKMARK [1][-]{section.16}{Zobrazení v rovině}{}% 136
\BOOKMARK [2][-]{subsection.16.1}{Afinní zobrazení}{section.16}% 137
\BOOKMARK [2][-]{subsection.16.2}{Podobná zobrazení}{section.16}% 138
\BOOKMARK [2][-]{subsection.16.3}{Shodné zobrazení}{section.16}% 139
\BOOKMARK [2][-]{subsection.16.4}{Využití v konstrukčních úlohách}{section.16}% 140
\BOOKMARK [2][-]{subsection.16.5}{Meta}{section.16}% 141
\BOOKMARK [3][-]{subsubsection.16.5.1}{Zdroje}{subsection.16.5}% 142
\BOOKMARK [3][-]{subsubsection.16.5.2}{Pojmy/Zadání}{subsection.16.5}% 143
\BOOKMARK [1][-]{section.17}{Tělesa}{}% 144
\BOOKMARK [2][-]{subsection.17.1}{Cavalieriův princip}{section.17}% 145
\BOOKMARK [2][-]{subsection.17.2}{Mnohostěny}{section.17}% 146
\BOOKMARK [3][-]{subsubsection.17.2.1}{Platónská tělesa}{subsection.17.2}% 147
\BOOKMARK [2][-]{subsection.17.3}{Hranoly}{section.17}% 148
\BOOKMARK [3][-]{subsubsection.17.3.1}{Kvádr}{subsection.17.3}% 149
\BOOKMARK [3][-]{subsubsection.17.3.2}{Krychle}{subsection.17.3}% 150
\BOOKMARK [2][-]{subsection.17.4}{Jehlany}{section.17}% 151
\BOOKMARK [3][-]{subsubsection.17.4.1}{Komolé jehlany}{subsection.17.4}% 152
\BOOKMARK [2][-]{subsection.17.5}{Rotační tělesa}{section.17}% 153
\BOOKMARK [3][-]{subsubsection.17.5.1}{Rotační válec}{subsection.17.5}% 154
\BOOKMARK [3][-]{subsubsection.17.5.2}{Rotační kužel}{subsection.17.5}% 155
\BOOKMARK [3][-]{subsubsection.17.5.3}{Komolý rotační kužel}{subsection.17.5}% 156
\BOOKMARK [3][-]{subsubsection.17.5.4}{Koule}{subsection.17.5}% 157
\BOOKMARK [3][-]{subsubsection.17.5.5}{Kulová úseč a kulový vrchlík}{subsection.17.5}% 158
\BOOKMARK [3][-]{subsubsection.17.5.6}{Kulová vrstva a kulový pás}{subsection.17.5}% 159
\BOOKMARK [2][-]{subsection.17.6}{Meta}{section.17}% 160
\BOOKMARK [3][-]{subsubsection.17.6.1}{Zdroje}{subsection.17.6}% 161
\BOOKMARK [3][-]{subsubsection.17.6.2}{Zadání/pojmy}{subsection.17.6}% 162
\BOOKMARK [1][-]{section.18}{Polohové a metrické úlohy ve stereometrii}{}% 163
\BOOKMARK [2][-]{subsection.18.1}{Vzájemná poloha bodů, přímek a rovin v prostoru}{section.18}% 164
\BOOKMARK [3][-]{subsubsection.18.1.1}{Bod\040a}{subsection.18.1}% 165
\BOOKMARK [3][-]{subsubsection.18.1.2}{Přímka a}{subsection.18.1}% 166
\BOOKMARK [3][-]{subsubsection.18.1.3}{Rovina}{subsection.18.1}% 167
\BOOKMARK [2][-]{subsection.18.2}{Průnik přímky tělesem}{section.18}% 168
\BOOKMARK [2][-]{subsection.18.3}{Řez tělesa rovinou}{section.18}% 169
\BOOKMARK [2][-]{subsection.18.4}{Meta}{section.18}% 170
\BOOKMARK [3][-]{subsubsection.18.4.1}{Zdroje}{subsection.18.4}% 171
\BOOKMARK [3][-]{subsubsection.18.4.2}{Pojmy/Zadání}{subsection.18.4}% 172
\BOOKMARK [1][-]{section.19}{Vektorová algebra}{}% 173
\BOOKMARK [2][-]{subsection.19.1}{Vzdálenost bodů a střed úsečky}{section.19}% 174
\BOOKMARK [2][-]{subsection.19.2}{Soustavy souřadnic}{section.19}% 175
\BOOKMARK [2][-]{subsection.19.3}{Orientované úsečky}{section.19}% 176
\BOOKMARK [2][-]{subsection.19.4}{Definice vektoru přes orientované úsečky}{section.19}% 177
\BOOKMARK [2][-]{subsection.19.5}{Souřadnice vektoru}{section.19}% 178
\BOOKMARK [2][-]{subsection.19.6}{Sčítání vektorů a násobení reálnými čísly}{section.19}% 179
\BOOKMARK [2][-]{subsection.19.7}{Lineární kombinace a závislost}{section.19}% 180
\BOOKMARK [2][-]{subsection.19.8}{Velikost}{section.19}% 181
\BOOKMARK [3][-]{subsubsection.19.8.1}{Jednotkový vektor}{subsection.19.8}% 182
\BOOKMARK [2][-]{subsection.19.9}{Skalární součin}{section.19}% 183
\BOOKMARK [2][-]{subsection.19.10}{Úhel vektorů}{section.19}% 184
\BOOKMARK [2][-]{subsection.19.11}{Vektorový součin v prostoru}{section.19}% 185
\BOOKMARK [2][-]{subsection.19.12}{Pravotočivá a levotočivá báze}{section.19}% 186
\BOOKMARK [2][-]{subsection.19.13}{Smíšený součin vektorů v prostoru}{section.19}% 187
\BOOKMARK [2][-]{subsection.19.14}{Meta}{section.19}% 188
\BOOKMARK [3][-]{subsubsection.19.14.1}{Zdroje}{subsection.19.14}% 189
\BOOKMARK [3][-]{subsubsection.19.14.2}{Zadání/ pojmy}{subsection.19.14}% 190
\BOOKMARK [1][-]{section.20}{Analytická geometrie lineárních útvarů}{}% 191
\BOOKMARK [2][-]{subsection.20.1}{Meta}{section.20}% 192
\BOOKMARK [3][-]{subsubsection.20.1.1}{Zdroje}{subsection.20.1}% 193
\BOOKMARK [3][-]{subsubsection.20.1.2}{Zadání/ pojmy}{subsection.20.1}% 194
\BOOKMARK [1][-]{section.21}{Analytická geometrie kuželoseček}{}% 195
\BOOKMARK [2][-]{subsection.21.1}{Degenerované kuželosečky}{section.21}% 196
\BOOKMARK [2][-]{subsection.21.2}{Elipsa}{section.21}% 197
\BOOKMARK [3][-]{subsubsection.21.2.1}{Kružnice}{subsection.21.2}% 198
\BOOKMARK [3][-]{subsubsection.21.2.2}{Vztah s přímkou}{subsection.21.2}% 199
\BOOKMARK [2][-]{subsection.21.3}{Parabola}{section.21}% 200
\BOOKMARK [3][-]{subsubsection.21.3.1}{Vztah s přímkou}{subsection.21.3}% 201
\BOOKMARK [2][-]{subsection.21.4}{Hyperbola}{section.21}% 202
\BOOKMARK [3][-]{subsubsection.21.4.1}{Asymptoty}{subsection.21.4}% 203
\BOOKMARK [2][-]{subsection.21.5}{Vztah s přímkou}{section.21}% 204
\BOOKMARK [2][-]{subsection.21.6}{Obecná rovnice kuželoseček}{section.21}% 205
\BOOKMARK [3][-]{subsubsection.21.6.1}{Kružnice}{subsection.21.6}% 206
\BOOKMARK [3][-]{subsubsection.21.6.2}{Elipsy}{subsection.21.6}% 207
\BOOKMARK [3][-]{subsubsection.21.6.3}{Hyperboly}{subsection.21.6}% 208
\BOOKMARK [3][-]{subsubsection.21.6.4}{Paraboly}{subsection.21.6}% 209
\BOOKMARK [2][-]{subsection.21.7}{Meta}{section.21}% 210
\BOOKMARK [3][-]{subsubsection.21.7.1}{Zdroje}{subsection.21.7}% 211
\BOOKMARK [3][-]{subsubsection.21.7.2}{Pojmy/zadání}{subsection.21.7}% 212
\BOOKMARK [1][-]{section.22}{Polohové a metrické úlohy řešené metodou analytické geometrie}{}% 213
\BOOKMARK [2][-]{subsection.22.1}{Co je již jinde}{section.22}% 214
\BOOKMARK [2][-]{subsection.22.2}{Polopřímka a úsečka v prostoru}{section.22}% 215
\BOOKMARK [2][-]{subsection.22.3}{Střed a délka úsečky}{section.22}% 216
\BOOKMARK [2][-]{subsection.22.4}{Přímka v rovině}{section.22}% 217
\BOOKMARK [3][-]{subsubsection.22.4.1}{Vyjádření a rovnice}{subsection.22.4}% 218
\BOOKMARK [3][-]{subsubsection.22.4.2}{Vzdálenost bodu}{subsection.22.4}% 219
\BOOKMARK [3][-]{subsubsection.22.4.3}{Odchylka dvou přímek}{subsection.22.4}% 220
\BOOKMARK [2][-]{subsection.22.5}{Meta}{section.22}% 221
\BOOKMARK [3][-]{subsubsection.22.5.1}{Zdroje}{subsection.22.5}% 222
\BOOKMARK [3][-]{subsubsection.22.5.2}{Zadání/pojmy}{subsection.22.5}% 223
\BOOKMARK [1][-]{section.23}{Diferenciální počet}{}% 224
\BOOKMARK [2][-]{subsection.23.1}{Zápis}{section.23}% 225
\BOOKMARK [3][-]{subsubsection.23.1.1}{Leibnizova\040notace}{subsection.23.1}% 226
\BOOKMARK [3][-]{subsubsection.23.1.2}{Lagrange}{subsection.23.1}% 227
\BOOKMARK [3][-]{subsubsection.23.1.3}{Euler}{subsection.23.1}% 228
\BOOKMARK [3][-]{subsubsection.23.1.4}{Newton}{subsection.23.1}% 229
\BOOKMARK [2][-]{subsection.23.2}{Definice}{section.23}% 230
\BOOKMARK [2][-]{subsection.23.3}{Vzorce\040a\040pravidla}{section.23}% 231
\BOOKMARK [3][-]{subsubsection.23.3.1}{Derivace součtu}{subsection.23.3}% 232
\BOOKMARK [3][-]{subsubsection.23.3.2}{Derivace součinu}{subsection.23.3}% 233
\BOOKMARK [3][-]{subsubsection.23.3.3}{Derivace podílu}{subsection.23.3}% 234
\BOOKMARK [3][-]{subsubsection.23.3.4}{Derivace složené funkce}{subsection.23.3}% 235
\BOOKMARK [2][-]{subsection.23.4}{Derivace elementárních funkcí}{section.23}% 236
\BOOKMARK [2][-]{subsection.23.5}{L'Hospitalovo\040pravidlo}{section.23}% 237
\BOOKMARK [3][-]{subsubsection.23.5.1}{Využití}{subsection.23.5}% 238
\BOOKMARK [2][-]{subsection.23.6}{Využití derivací}{section.23}% 239
\BOOKMARK [2][-]{subsection.23.7}{Meta}{section.23}% 240
\BOOKMARK [3][-]{subsubsection.23.7.1}{Zadání/pojmy}{subsection.23.7}% 241
\BOOKMARK [3][-]{subsubsection.23.7.2}{Zdroje}{subsection.23.7}% 242
\BOOKMARK [1][-]{section.24}{Integrální počet}{}% 243
\BOOKMARK [2][-]{subsection.24.1}{Vzorce}{section.24}% 244
\BOOKMARK [2][-]{subsection.24.2}{Metoda\040per\040partes}{section.24}% 245
\BOOKMARK [2][-]{subsection.24.3}{Využití}{section.24}% 246
\BOOKMARK [3][-]{subsubsection.24.3.1}{Objem rotačních těles}{subsection.24.3}% 247
\BOOKMARK [3][-]{subsubsection.24.3.2}{Délka křivky funkce}{subsection.24.3}% 248
\BOOKMARK [2][-]{subsection.24.4}{Meta}{section.24}% 249
\BOOKMARK [3][-]{subsubsection.24.4.1}{Zdroje}{subsection.24.4}% 250
\BOOKMARK [3][-]{subsubsection.24.4.2}{Zadání/Pojmy}{subsection.24.4}% 251
\BOOKMARK [1][-]{section.25}{Aplikace diferenciálního a integrálního počtu}{}% 252
\BOOKMARK [2][-]{subsection.25.1}{Meta}{section.25}% 253
\BOOKMARK [2][-]{subsection.25.2}{Zdroje}{section.25}% 254
\BOOKMARK [3][-]{subsubsection.25.2.1}{Zadání/pojmy}{subsection.25.2}% 255
